producer_class	xtools.gsea.GseaPreranked
producer_timestamp	1712117418231
param	rpt_label	TS_vs_Control
param	rnd_seed	12345
param	set_min	15
param	zip_report	false
param	create_svgs	false
param	scoring_scheme	weighted
param	rnk	/home/rstudio/projects/bcb420/data/ranked_list_female.rnk
param	norm	meandiv
param	out	/home/rstudio/projects/bcb420/data
param	mode	Max_probe
param	include_only_symbols	true
param	help	false
param	set_max	200
param	gmx	/home/rstudio/projects/bcb420/data/Human_GOBP_AllPathways_noPFOCR_no_GO_iea_March_01_2024_symbol.gmt
param	make_sets	true
param	plot_top_x	20
param	gui	false
param	nperm	1000
param	collapse	No_Collapse

file	/home/rstudio/projects/bcb420/data/TS_vs_Control.GseaPreranked.1712117418231/index.html
